Library/Bee/Android/Prj/Mono2x/Gradle/launcher/build/intermediates/manifest_merge_blame_file/release/manifest-merger-blame-release-report.txt
1<?xml version="1.0" encoding="utf-8"?>
2<manifest xmlns:android="http://schemas.android.com/apk/res/android"
3    package="com.DefaultCompany.Gameforunity"
4    android:installLocation="preferExternal"
5    android:versionCode="1"
6    android:versionName="1.0.2" >
7
8    <uses-sdk
9        android:minSdkVersion="22"
9-->src\main\AndroidManifest.xml
10        android:targetSdkVersion="34" />
10-->src\main\AndroidManifest.xml
11
12    <supports-screens
12-->src\main\AndroidManifest.xml:3:3-163
13        android:anyDensity="true"
13-->src\main\AndroidManifest.xml:3:135-160
14        android:largeScreens="true"
14-->src\main\AndroidManifest.xml:3:78-105
15        android:normalScreens="true"
15-->src\main\AndroidManifest.xml:3:49-77
16        android:smallScreens="true"
16-->src\main\AndroidManifest.xml:3:21-48
17        android:xlargeScreens="true" />
17-->src\main\AndroidManifest.xml:3:106-134
18
19    <uses-feature android:glEsVersion="0x00030000" />
19-->[:unityLibrary] AndroidManifest.xml:12:5-54
19-->[:unityLibrary] AndroidManifest.xml:12:19-51
20    <uses-feature
20-->[:unityLibrary] AndroidManifest.xml:13:5-15:36
21        android:name="android.hardware.vulkan.version"
21-->[:unityLibrary] AndroidManifest.xml:14:9-55
22        android:required="false" />
22-->[:unityLibrary] AndroidManifest.xml:15:9-33
23    <uses-feature
23-->[:unityLibrary] AndroidManifest.xml:16:5-18:36
24        android:name="android.hardware.touchscreen"
24-->[:unityLibrary] AndroidManifest.xml:17:9-52
25        android:required="false" />
25-->[:unityLibrary] AndroidManifest.xml:18:9-33
26    <uses-feature
26-->[:unityLibrary] AndroidManifest.xml:19:5-21:36
27        android:name="android.hardware.touchscreen.multitouch"
27-->[:unityLibrary] AndroidManifest.xml:20:9-63
28        android:required="false" />
28-->[:unityLibrary] AndroidManifest.xml:21:9-33
29    <uses-feature
29-->[:unityLibrary] AndroidManifest.xml:22:5-24:36
30        android:name="android.hardware.touchscreen.multitouch.distinct"
30-->[:unityLibrary] AndroidManifest.xml:23:9-72
31        android:required="false" />
31-->[:unityLibrary] AndroidManifest.xml:24:9-33
32
33    <uses-permission android:name="android.permission.POST_NOTIFICATIONS" />
33-->[:unityLibrary] AndroidManifest.xml:26:5-77
33-->[:unityLibrary] AndroidManifest.xml:26:22-74
34    <uses-permission android:name="android.permission.ACCESS_NETWORK_STATE" />
34-->[:UnityAds:] AndroidManifest.xml:9:5-79
34-->[:UnityAds:] AndroidManifest.xml:9:22-76
35    <uses-permission android:name="android.permission.INTERNET" />
35-->[:UnityAds:] AndroidManifest.xml:10:5-67
35-->[:UnityAds:] AndroidManifest.xml:10:22-64
36    <uses-permission android:name="com.google.android.gms.permission.AD_ID" />
36-->[:UnityAds:] AndroidManifest.xml:11:5-79
36-->[:UnityAds:] AndroidManifest.xml:11:22-76
37
38    <application
38-->src\main\AndroidManifest.xml:4:3-83
39        android:extractNativeLibs="true"
39-->[:unityLibrary] AndroidManifest.xml:28:18-50
40        android:icon="@mipmap/app_icon"
40-->src\main\AndroidManifest.xml:4:49-80
41        android:label="@string/app_name" >
41-->src\main\AndroidManifest.xml:4:16-48
42        <activity
42-->[:unityLibrary] AndroidManifest.xml:29:9-50:20
43            android:name="com.unity3d.player.UnityPlayerActivity"
43-->[:unityLibrary] AndroidManifest.xml:30:13-66
44            android:configChanges="mcc|mnc|locale|touchscreen|keyboard|keyboardHidden|navigation|orientation|screenLayout|uiMode|screenSize|smallestScreenSize|fontScale|layoutDirection|density"
44-->[:unityLibrary] AndroidManifest.xml:31:13-194
45            android:exported="true"
45-->[:unityLibrary] AndroidManifest.xml:32:13-36
46            android:hardwareAccelerated="false"
46-->[:unityLibrary] AndroidManifest.xml:33:13-48
47            android:launchMode="singleTask"
47-->[:unityLibrary] AndroidManifest.xml:34:13-44
48            android:resizeableActivity="false"
48-->[:unityLibrary] AndroidManifest.xml:35:13-47
49            android:screenOrientation="fullUser"
49-->[:unityLibrary] AndroidManifest.xml:36:13-49
50            android:theme="@style/UnityThemeSelector" >
50-->[:unityLibrary] AndroidManifest.xml:37:13-54
51            <intent-filter>
51-->[:unityLibrary] AndroidManifest.xml:38:13-42:29
52                <action android:name="android.intent.action.MAIN" />
52-->[:unityLibrary] AndroidManifest.xml:39:17-69
52-->[:unityLibrary] AndroidManifest.xml:39:25-66
53
54                <category android:name="android.intent.category.LAUNCHER" />
54-->[:unityLibrary] AndroidManifest.xml:41:17-77
54-->[:unityLibrary] AndroidManifest.xml:41:27-74
55            </intent-filter>
56
57            <meta-data
57-->[:unityLibrary] AndroidManifest.xml:44:13-46:40
58                android:name="unityplayer.UnityActivity"
58-->[:unityLibrary] AndroidManifest.xml:45:17-57
59                android:value="true" />
59-->[:unityLibrary] AndroidManifest.xml:46:17-37
60            <meta-data
60-->[:unityLibrary] AndroidManifest.xml:47:13-49:40
61                android:name="android.notch_support"
61-->[:unityLibrary] AndroidManifest.xml:48:17-53
62                android:value="true" />
62-->[:unityLibrary] AndroidManifest.xml:49:17-37
63        </activity>
64
65        <meta-data
65-->[:unityLibrary] AndroidManifest.xml:52:9-54:33
66            android:name="unity.splash-mode"
66-->[:unityLibrary] AndroidManifest.xml:53:13-45
67            android:value="0" />
67-->[:unityLibrary] AndroidManifest.xml:54:13-30
68        <meta-data
68-->[:unityLibrary] AndroidManifest.xml:55:9-57:36
69            android:name="unity.splash-enable"
69-->[:unityLibrary] AndroidManifest.xml:56:13-47
70            android:value="True" />
70-->[:unityLibrary] AndroidManifest.xml:57:13-33
71        <meta-data
71-->[:unityLibrary] AndroidManifest.xml:58:9-60:36
72            android:name="unity.launch-fullscreen"
72-->[:unityLibrary] AndroidManifest.xml:59:13-51
73            android:value="True" />
73-->[:unityLibrary] AndroidManifest.xml:60:13-33
74        <meta-data
74-->[:unityLibrary] AndroidManifest.xml:61:9-63:37
75            android:name="unity.allow-resizable-window"
75-->[:unityLibrary] AndroidManifest.xml:62:13-56
76            android:value="False" />
76-->[:unityLibrary] AndroidManifest.xml:63:13-34
77        <meta-data
77-->[:unityLibrary] AndroidManifest.xml:64:9-66:50
78            android:name="notch.config"
78-->[:unityLibrary] AndroidManifest.xml:65:13-40
79            android:value="portrait|landscape" />
79-->[:unityLibrary] AndroidManifest.xml:66:13-47
80
81        <receiver
81-->[:unityLibrary] AndroidManifest.xml:68:9-70:40
82            android:name="com.unity.androidnotifications.UnityNotificationManager"
82-->[:unityLibrary] AndroidManifest.xml:69:13-83
83            android:exported="false" />
83-->[:unityLibrary] AndroidManifest.xml:70:13-37
84        <receiver
84-->[:unityLibrary] AndroidManifest.xml:71:9-78:20
85            android:name="com.unity.androidnotifications.UnityNotificationRestartOnBootReceiver"
85-->[:unityLibrary] AndroidManifest.xml:72:13-97
86            android:enabled="false"
86-->[:unityLibrary] AndroidManifest.xml:73:13-36
87            android:exported="false" >
87-->[:unityLibrary] AndroidManifest.xml:74:13-37
88            <intent-filter>
88-->[:unityLibrary] AndroidManifest.xml:75:13-77:29
89                <action android:name="android.intent.action.BOOT_COMPLETED" />
89-->[:unityLibrary] AndroidManifest.xml:76:17-79
89-->[:unityLibrary] AndroidManifest.xml:76:25-76
90            </intent-filter>
91        </receiver>
92
93        <meta-data
93-->[:unityLibrary] AndroidManifest.xml:80:9-82:33
94            android:name="com.unity.androidnotifications.exact_scheduling"
94-->[:unityLibrary] AndroidManifest.xml:81:13-75
95            android:value="0" />
95-->[:unityLibrary] AndroidManifest.xml:82:13-30
96
97        <activity
97-->[:UnityAds:] AndroidManifest.xml:14:9-18:74
98            android:name="com.unity3d.services.ads.adunit.AdUnitActivity"
98-->[:UnityAds:] AndroidManifest.xml:15:13-74
99            android:configChanges="fontScale|keyboard|keyboardHidden|locale|mnc|mcc|navigation|orientation|screenLayout|screenSize|smallestScreenSize|uiMode|touchscreen"
99-->[:UnityAds:] AndroidManifest.xml:16:13-170
100            android:hardwareAccelerated="true"
100-->[:UnityAds:] AndroidManifest.xml:17:13-47
101            android:theme="@android:style/Theme.NoTitleBar.Fullscreen" />
101-->[:UnityAds:] AndroidManifest.xml:18:13-71
102        <activity
102-->[:UnityAds:] AndroidManifest.xml:19:9-23:86
103            android:name="com.unity3d.services.ads.adunit.AdUnitTransparentActivity"
103-->[:UnityAds:] AndroidManifest.xml:20:13-85
104            android:configChanges="fontScale|keyboard|keyboardHidden|locale|mnc|mcc|navigation|orientation|screenLayout|screenSize|smallestScreenSize|uiMode|touchscreen"
104-->[:UnityAds:] AndroidManifest.xml:21:13-170
105            android:hardwareAccelerated="true"
105-->[:UnityAds:] AndroidManifest.xml:22:13-47
106            android:theme="@android:style/Theme.Translucent.NoTitleBar.Fullscreen" />
106-->[:UnityAds:] AndroidManifest.xml:23:13-83
107        <activity
107-->[:UnityAds:] AndroidManifest.xml:24:9-28:86
108            android:name="com.unity3d.services.ads.adunit.AdUnitTransparentSoftwareActivity"
108-->[:UnityAds:] AndroidManifest.xml:25:13-93
109            android:configChanges="fontScale|keyboard|keyboardHidden|locale|mnc|mcc|navigation|orientation|screenLayout|screenSize|smallestScreenSize|uiMode|touchscreen"
109-->[:UnityAds:] AndroidManifest.xml:26:13-170
110            android:hardwareAccelerated="false"
110-->[:UnityAds:] AndroidManifest.xml:27:13-48
111            android:theme="@android:style/Theme.Translucent.NoTitleBar.Fullscreen" />
111-->[:UnityAds:] AndroidManifest.xml:28:13-83
112        <activity
112-->[:UnityAds:] AndroidManifest.xml:29:9-33:74
113            android:name="com.unity3d.services.ads.adunit.AdUnitSoftwareActivity"
113-->[:UnityAds:] AndroidManifest.xml:30:13-82
114            android:configChanges="fontScale|keyboard|keyboardHidden|locale|mnc|mcc|navigation|orientation|screenLayout|screenSize|smallestScreenSize|uiMode|touchscreen"
114-->[:UnityAds:] AndroidManifest.xml:31:13-170
115            android:hardwareAccelerated="false"
115-->[:UnityAds:] AndroidManifest.xml:32:13-48
116            android:theme="@android:style/Theme.NoTitleBar.Fullscreen" />
116-->[:UnityAds:] AndroidManifest.xml:33:13-71
117    </application>
118
119</manifest>